# JRE version: Java(TM) SE Runtime Environment (8.0_202-b08) (build 1.8.0_202-b08)
# Java VM: Java HotSpot(TM) 64-Bit Server VM (25.202-b08 mixed mode windows-amd64 compressed oops)
Heap:
 PSYoungGen      total 155136K, used 25843K [0x00000000d5e00000, 0x00000000e0d80000, 0x0000000100000000)
  eden space 133632K, 19% used [0x00000000d5e00000,0x00000000d773cee0,0x00000000de080000)
  from space 21504K, 0% used [0x00000000de080000,0x00000000de080000,0x00000000df580000)
  to   space 20480K, 0% used [0x00000000df580000,0x00000000df580000,0x00000000e0980000)
 ParOldGen       total 66048K, used 33510K [0x0000000081a00000, 0x0000000085a80000, 0x00000000d5e00000)
  object space 66048K, 50% used [0x0000000081a00000,0x0000000083ab98b0,0x0000000085a80000)
 Metaspace       used 34564K, capacity 35768K, committed 36056K, reserved 1081344K
  class space    used 3956K, capacity 4229K, committed 4352K, reserved 1048576K
GC Heap History (10 events):
Event: 8.170 GC heap before
{Heap before GC invocations=7 (full 1):
 PSYoungGen      total 71680K, used 71680K [0x00000000d5e00000, 0x00000000dce80000, 0x0000000100000000)
  eden space 66560K, 100% used [0x00000000d5e00000,0x00000000d9f00000,0x00000000d9f00000)
  from space 5120K, 100% used [0x00000000d9f00000,0x00000000da400000,0x00000000da400000)
  to   space 10240K, 0% used [0x00000000dc480000,0x00000000dc480000,0x00000000dce80000)
 ParOldGen       total 66048K, used 10762K [0x0000000081a00000, 0x0000000085a80000, 0x00000000d5e00000)
  object space 66048K, 16% used [0x0000000081a00000,0x0000000082482ac0,0x0000000085a80000)
 Metaspace       used 22961K, capacity 23864K, committed 23936K, reserved 1071104K
  class space    used 2723K, capacity 2932K, committed 2944K, reserved 1048576K
Event: 8.185 GC heap after
Heap after GC invocations=7 (full 1):
 PSYoungGen      total 101376K, used 8513K [0x00000000d5e00000, 0x00000000dcd00000, 0x0000000100000000)
  eden space 92672K, 0% used [0x00000000d5e00000,0x00000000d5e00000,0x00000000db880000)
  from space 8704K, 97% used [0x00000000dc480000,0x00000000dccd0450,0x00000000dcd00000)
  to   space 10240K, 0% used [0x00000000db900000,0x00000000db900000,0x00000000dc300000)
 ParOldGen       total 66048K, used 10770K [0x0000000081a00000, 0x0000000085a80000, 0x00000000d5e00000)
  object space 66048K, 16% used [0x0000000081a00000,0x0000000082484ac0,0x0000000085a80000)
 Metaspace       used 22961K, capacity 23864K, committed 23936K, reserved 1071104K
  class space    used 2723K, capacity 2932K, committed 2944K, reserved 1048576K
}
Event: 10.703 GC heap before
{Heap before GC invocations=8 (full 1):
 PSYoungGen      total 101376K, used 101185K [0x00000000d5e00000, 0x00000000dcd00000, 0x0000000100000000)
  eden space 92672K, 100% used [0x00000000d5e00000,0x00000000db880000,0x00000000db880000)
  from space 8704K, 97% used [0x00000000dc480000,0x00000000dccd0450,0x00000000dcd00000)
  to   space 10240K, 0% used [0x00000000db900000,0x00000000db900000,0x00000000dc300000)
 ParOldGen       total 66048K, used 10770K [0x0000000081a00000, 0x0000000085a80000, 0x00000000d5e00000)
  object space 66048K, 16% used [0x0000000081a00000,0x0000000082484ac0,0x0000000085a80000)
 Metaspace       used 27580K, capacity 28524K, committed 28672K, reserved 1075200K
  class space    used 3273K, capacity 3484K, committed 3584K, reserved 1048576K
Event: 10.759 GC heap after
Heap after GC invocations=8 (full 1):
 PSYoungGen      total 103424K, used 10232K [0x00000000d5e00000, 0x00000000e0980000, 0x0000000100000000)
  eden space 93184K, 0% used [0x00000000d5e00000,0x00000000d5e00000,0x00000000db900000)
  from space 10240K, 99% used [0x00000000db900000,0x00000000dc2fe258,0x00000000dc300000)
  to   space 20480K, 0% used [0x00000000df580000,0x00000000df580000,0x00000000e0980000)
 ParOldGen       total 66048K, used 28651K [0x0000000081a00000, 0x0000000085a80000, 0x00000000d5e00000)
  object space 66048K, 43% used [0x0000000081a00000,0x00000000835fad60,0x0000000085a80000)
 Metaspace       used 27580K, capacity 28524K, committed 28672K, reserved 1075200K
  class space    used 3273K, capacity 3484K, committed 3584K, reserved 1048576K
}
Event: 13.716 GC heap before
{Heap before GC invocations=9 (full 1):
 PSYoungGen      total 103424K, used 103416K [0x00000000d5e00000, 0x00000000e0980000, 0x0000000100000000)
  eden space 93184K, 100% used [0x00000000d5e00000,0x00000000db900000,0x00000000db900000)
  from space 10240K, 99% used [0x00000000db900000,0x00000000dc2fe258,0x00000000dc300000)
  to   space 20480K, 0% used [0x00000000df580000,0x00000000df580000,0x00000000e0980000)
 ParOldGen       total 66048K, used 28651K [0x0000000081a00000, 0x0000000085a80000, 0x00000000d5e00000)
  object space 66048K, 43% used [0x0000000081a00000,0x00000000835fad60,0x0000000085a80000)
 Metaspace       used 29640K, capacity 30572K, committed 30848K, reserved 1077248K
  class space    used 3401K, capacity 3612K, committed 3712K, reserved 1048576K
Event: 13.766 GC heap after
Heap after GC invocations=9 (full 1):
 PSYoungGen      total 154112K, used 15990K [0x00000000d5e00000, 0x00000000e0d80000, 0x0000000100000000)
  eden space 133632K, 0% used [0x00000000d5e00000,0x00000000d5e00000,0x00000000de080000)
  from space 20480K, 78% used [0x00000000df580000,0x00000000e051dab8,0x00000000e0980000)
  to   space 21504K, 0% used [0x00000000de080000,0x00000000de080000,0x00000000df580000)
 ParOldGen       total 66048K, used 28659K [0x0000000081a00000, 0x0000000085a80000, 0x00000000d5e00000)
  object space 66048K, 43% used [0x0000000081a00000,0x00000000835fcd60,0x0000000085a80000)
 Metaspace       used 29640K, capacity 30572K, committed 30848K, reserved 1077248K
  class space    used 3401K, capacity 3612K, committed 3712K, reserved 1048576K
}
Event: 17.296 GC heap before
{Heap before GC invocations=10 (full 1):
 PSYoungGen      total 154112K, used 104543K [0x00000000d5e00000, 0x00000000e0d80000, 0x0000000100000000)
  eden space 133632K, 66% used [0x00000000d5e00000,0x00000000db47a448,0x00000000de080000)
  from space 20480K, 78% used [0x00000000df580000,0x00000000e051dab8,0x00000000e0980000)
  to   space 21504K, 0% used [0x00000000de080000,0x00000000de080000,0x00000000df580000)
 ParOldGen       total 66048K, used 28659K [0x0000000081a00000, 0x0000000085a80000, 0x00000000d5e00000)
  object space 66048K, 43% used [0x0000000081a00000,0x00000000835fcd60,0x0000000085a80000)
 Metaspace       used 34128K, capacity 35264K, committed 35416K, reserved 1081344K
  class space    used 3919K, capacity 4193K, committed 4224K, reserved 1048576K
Event: 17.369 GC heap after
Heap after GC invocations=10 (full 1):
 PSYoungGen      total 155136K, used 21492K [0x00000000d5e00000, 0x00000000e0d80000, 0x0000000100000000)
  eden space 133632K, 0% used [0x00000000d5e00000,0x00000000d5e00000,0x00000000de080000)
  from space 21504K, 99% used [0x00000000de080000,0x00000000df57d200,0x00000000df580000)
  to   space 20480K, 0% used [0x00000000df580000,0x00000000df580000,0x00000000e0980000)
 ParOldGen       total 66048K, used 30649K [0x0000000081a00000, 0x0000000085a80000, 0x00000000d5e00000)
  object space 66048K, 46% used [0x0000000081a00000,0x00000000837ee688,0x0000000085a80000)
 Metaspace       used 34128K, capacity 35264K, committed 35416K, reserved 1081344K
  class space    used 3919K, capacity 4193K, committed 4224K, reserved 1048576K
}
Event: 17.370 GC heap before
{Heap before GC invocations=11 (full 2):
 PSYoungGen      total 155136K, used 21492K [0x00000000d5e00000, 0x00000000e0d80000, 0x0000000100000000)
  eden space 133632K, 0% used [0x00000000d5e00000,0x00000000d5e00000,0x00000000de080000)
  from space 21504K, 99% used [0x00000000de080000,0x00000000df57d200,0x00000000df580000)
  to   space 20480K, 0% used [0x00000000df580000,0x00000000df580000,0x00000000e0980000)
 ParOldGen       total 66048K, used 30649K [0x0000000081a00000, 0x0000000085a80000, 0x00000000d5e00000)
  object space 66048K, 46% used [0x0000000081a00000,0x00000000837ee688,0x0000000085a80000)
 Metaspace       used 34128K, capacity 35264K, committed 35416K, reserved 1081344K
  class space    used 3919K, capacity 4193K, committed 4224K, reserved 1048576K
Event: 17.701 GC heap after
Heap after GC invocations=11 (full 2):
 PSYoungGen      total 155136K, used 0K [0x00000000d5e00000, 0x00000000e0d80000, 0x0000000100000000)
  eden space 133632K, 0% used [0x00000000d5e00000,0x00000000d5e00000,0x00000000de080000)
  from space 21504K, 0% used [0x00000000de080000,0x00000000de080000,0x00000000df580000)
  to   space 20480K, 0% used [0x00000000df580000,0x00000000df580000,0x00000000e0980000)
 ParOldGen       total 66048K, used 33510K [0x0000000081a00000, 0x0000000085a80000, 0x00000000d5e00000)
  object space 66048K, 50% used [0x0000000081a00000,0x0000000083ab98b0,0x0000000085a80000)
 Metaspace       used 34128K, capacity 35264K, committed 35416K, reserved 1081344K
  class space    used 3919K, capacity 4193K, committed 4224K, reserved 1048576K
}

