# JRE version: Java(TM) SE Runtime Environment (8.0_202-b08) (build 1.8.0_202-b08)
# Java VM: Java HotSpot(TM) 64-Bit Server VM (25.202-b08 mixed mode windows-amd64 compressed oops)
Heap:
 PSYoungGen      total 175104K, used 28656K [0x00000000d5e00000, 0x00000000e1600000, 0x0000000100000000)
  eden space 163328K, 17% used [0x00000000d5e00000,0x00000000d79fc000,0x00000000dfd80000)
  from space 11776K, 0% used [0x00000000dfd80000,0x00000000dfd80000,0x00000000e0900000)
  to   space 11776K, 0% used [0x00000000e0900000,0x00000000e0900000,0x00000000e1480000)
 ParOldGen       total 70144K, used 26086K [0x0000000081a00000, 0x0000000085e80000, 0x00000000d5e00000)
  object space 70144K, 37% used [0x0000000081a00000,0x0000000083379838,0x0000000085e80000)
 Metaspace       used 37370K, capacity 37946K, committed 38272K, reserved 1083392K
  class space    used 4983K, capacity 5135K, committed 5248K, reserved 1048576K
GC Heap History (10 events):
Event: 5.675 GC heap before
{Heap before GC invocations=9 (full 1):
 PSYoungGen      total 143872K, used 138166K [0x00000000d5e00000, 0x00000000df500000, 0x0000000100000000)
  eden space 133120K, 100% used [0x00000000d5e00000,0x00000000de000000,0x00000000de000000)
  from space 10752K, 46% used [0x00000000de000000,0x00000000de4ed9f8,0x00000000dea80000)
  to   space 10240K, 0% used [0x00000000deb00000,0x00000000deb00000,0x00000000df500000)
 ParOldGen       total 70144K, used 14720K [0x0000000081a00000, 0x0000000085e80000, 0x00000000d5e00000)
  object space 70144K, 20% used [0x0000000081a00000,0x00000000828603e8,0x0000000085e80000)
 Metaspace       used 23781K, capacity 24216K, committed 24576K, reserved 1071104K
  class space    used 3123K, capacity 3253K, committed 3328K, reserved 1048576K
Event: 5.679 GC heap after
Heap after GC invocations=9 (full 1):
 PSYoungGen      total 143360K, used 3200K [0x00000000d5e00000, 0x00000000df500000, 0x0000000100000000)
  eden space 133120K, 0% used [0x00000000d5e00000,0x00000000d5e00000,0x00000000de000000)
  from space 10240K, 31% used [0x00000000deb00000,0x00000000dee20000,0x00000000df500000)
  to   space 10752K, 0% used [0x00000000de000000,0x00000000de000000,0x00000000dea80000)
 ParOldGen       total 70144K, used 14728K [0x0000000081a00000, 0x0000000085e80000, 0x00000000d5e00000)
  object space 70144K, 20% used [0x0000000081a00000,0x00000000828623e8,0x0000000085e80000)
 Metaspace       used 23781K, capacity 24216K, committed 24576K, reserved 1071104K
  class space    used 3123K, capacity 3253K, committed 3328K, reserved 1048576K
}
Event: 6.855 GC heap before
{Heap before GC invocations=10 (full 1):
 PSYoungGen      total 143360K, used 136320K [0x00000000d5e00000, 0x00000000df500000, 0x0000000100000000)
  eden space 133120K, 100% used [0x00000000d5e00000,0x00000000de000000,0x00000000de000000)
  from space 10240K, 31% used [0x00000000deb00000,0x00000000dee20000,0x00000000df500000)
  to   space 10752K, 0% used [0x00000000de000000,0x00000000de000000,0x00000000dea80000)
 ParOldGen       total 70144K, used 14728K [0x0000000081a00000, 0x0000000085e80000, 0x00000000d5e00000)
  object space 70144K, 20% used [0x0000000081a00000,0x00000000828623e8,0x0000000085e80000)
 Metaspace       used 23784K, capacity 24216K, committed 24576K, reserved 1071104K
  class space    used 3125K, capacity 3253K, committed 3328K, reserved 1048576K
Event: 6.858 GC heap after
Heap after GC invocations=10 (full 1):
 PSYoungGen      total 143872K, used 2912K [0x00000000d5e00000, 0x00000000e1480000, 0x0000000100000000)
  eden space 133120K, 0% used [0x00000000d5e00000,0x00000000d5e00000,0x00000000de000000)
  from space 10752K, 27% used [0x00000000de000000,0x00000000de2d8000,0x00000000dea80000)
  to   space 11776K, 0% used [0x00000000e0900000,0x00000000e0900000,0x00000000e1480000)
 ParOldGen       total 70144K, used 14736K [0x0000000081a00000, 0x0000000085e80000, 0x00000000d5e00000)
  object space 70144K, 21% used [0x0000000081a00000,0x00000000828643e8,0x0000000085e80000)
 Metaspace       used 23784K, capacity 24216K, committed 24576K, reserved 1071104K
  class space    used 3125K, capacity 3253K, committed 3328K, reserved 1048576K
}
Event: 7.726 GC heap before
{Heap before GC invocations=11 (full 1):
 PSYoungGen      total 143872K, used 136032K [0x00000000d5e00000, 0x00000000e1480000, 0x0000000100000000)
  eden space 133120K, 100% used [0x00000000d5e00000,0x00000000de000000,0x00000000de000000)
  from space 10752K, 27% used [0x00000000de000000,0x00000000de2d8000,0x00000000dea80000)
  to   space 11776K, 0% used [0x00000000e0900000,0x00000000e0900000,0x00000000e1480000)
 ParOldGen       total 70144K, used 14736K [0x0000000081a00000, 0x0000000085e80000, 0x00000000d5e00000)
  object space 70144K, 21% used [0x0000000081a00000,0x00000000828643e8,0x0000000085e80000)
 Metaspace       used 26659K, capacity 27068K, committed 27264K, reserved 1073152K
  class space    used 3564K, capacity 3681K, committed 3712K, reserved 1048576K
Event: 7.739 GC heap after
Heap after GC invocations=11 (full 1):
 PSYoungGen      total 175104K, used 8153K [0x00000000d5e00000, 0x00000000e1600000, 0x0000000100000000)
  eden space 163328K, 0% used [0x00000000d5e00000,0x00000000d5e00000,0x00000000dfd80000)
  from space 11776K, 69% used [0x00000000e0900000,0x00000000e10f64a0,0x00000000e1480000)
  to   space 11776K, 0% used [0x00000000dfd80000,0x00000000dfd80000,0x00000000e0900000)
 ParOldGen       total 70144K, used 14744K [0x0000000081a00000, 0x0000000085e80000, 0x00000000d5e00000)
  object space 70144K, 21% used [0x0000000081a00000,0x00000000828663e8,0x0000000085e80000)
 Metaspace       used 26659K, capacity 27068K, committed 27264K, reserved 1073152K
  class space    used 3564K, capacity 3681K, committed 3712K, reserved 1048576K
}
Event: 18.536 GC heap before
{Heap before GC invocations=12 (full 1):
 PSYoungGen      total 175104K, used 114120K [0x00000000d5e00000, 0x00000000e1600000, 0x0000000100000000)
  eden space 163328K, 64% used [0x00000000d5e00000,0x00000000dc57bf10,0x00000000dfd80000)
  from space 11776K, 69% used [0x00000000e0900000,0x00000000e10f64a0,0x00000000e1480000)
  to   space 11776K, 0% used [0x00000000dfd80000,0x00000000dfd80000,0x00000000e0900000)
 ParOldGen       total 70144K, used 14744K [0x0000000081a00000, 0x0000000085e80000, 0x00000000d5e00000)
  object space 70144K, 21% used [0x0000000081a00000,0x00000000828663e8,0x0000000085e80000)
 Metaspace       used 34836K, capacity 35362K, committed 35416K, reserved 1079296K
  class space    used 4648K, capacity 4823K, committed 4864K, reserved 1048576K
Event: 18.551 GC heap after
Heap after GC invocations=12 (full 1):
 PSYoungGen      total 175104K, used 11772K [0x00000000d5e00000, 0x00000000e1600000, 0x0000000100000000)
  eden space 163328K, 0% used [0x00000000d5e00000,0x00000000d5e00000,0x00000000dfd80000)
  from space 11776K, 99% used [0x00000000dfd80000,0x00000000e08ff098,0x00000000e0900000)
  to   space 11776K, 0% used [0x00000000e0900000,0x00000000e0900000,0x00000000e1480000)
 ParOldGen       total 70144K, used 16092K [0x0000000081a00000, 0x0000000085e80000, 0x00000000d5e00000)
  object space 70144K, 22% used [0x0000000081a00000,0x00000000829b7060,0x0000000085e80000)
 Metaspace       used 34836K, capacity 35362K, committed 35416K, reserved 1079296K
  class space    used 4648K, capacity 4823K, committed 4864K, reserved 1048576K
}
Event: 18.551 GC heap before
{Heap before GC invocations=13 (full 2):
 PSYoungGen      total 175104K, used 11772K [0x00000000d5e00000, 0x00000000e1600000, 0x0000000100000000)
  eden space 163328K, 0% used [0x00000000d5e00000,0x00000000d5e00000,0x00000000dfd80000)
  from space 11776K, 99% used [0x00000000dfd80000,0x00000000e08ff098,0x00000000e0900000)
  to   space 11776K, 0% used [0x00000000e0900000,0x00000000e0900000,0x00000000e1480000)
 ParOldGen       total 70144K, used 16092K [0x0000000081a00000, 0x0000000085e80000, 0x00000000d5e00000)
  object space 70144K, 22% used [0x0000000081a00000,0x00000000829b7060,0x0000000085e80000)
 Metaspace       used 34836K, capacity 35362K, committed 35416K, reserved 1079296K
  class space    used 4648K, capacity 4823K, committed 4864K, reserved 1048576K
Event: 18.657 GC heap after
Heap after GC invocations=13 (full 2):
 PSYoungGen      total 175104K, used 0K [0x00000000d5e00000, 0x00000000e1600000, 0x0000000100000000)
  eden space 163328K, 0% used [0x00000000d5e00000,0x00000000d5e00000,0x00000000dfd80000)
  from space 11776K, 0% used [0x00000000dfd80000,0x00000000dfd80000,0x00000000e0900000)
  to   space 11776K, 0% used [0x00000000e0900000,0x00000000e0900000,0x00000000e1480000)
 ParOldGen       total 70144K, used 26086K [0x0000000081a00000, 0x0000000085e80000, 0x00000000d5e00000)
  object space 70144K, 37% used [0x0000000081a00000,0x0000000083379838,0x0000000085e80000)
 Metaspace       used 34836K, capacity 35362K, committed 35416K, reserved 1079296K
  class space    used 4648K, capacity 4823K, committed 4864K, reserved 1048576K
}

