# JRE version: Java(TM) SE Runtime Environment (8.0_202-b08) (build 1.8.0_202-b08)
# Java VM: Java HotSpot(TM) 64-Bit Server VM (25.202-b08 mixed mode windows-amd64 compressed oops)
Heap:
 PSYoungGen      total 76288K, used 65216K [0x00000000d5e00000, 0x00000000dba80000, 0x0000000100000000)
  eden space 64512K, 100% used [0x00000000d5e00000,0x00000000d9d00000,0x00000000d9d00000)
  from space 11776K, 5% used [0x00000000d9d00000,0x00000000d9db0000,0x00000000da880000)
  to   space 11776K, 0% used [0x00000000daf00000,0x00000000daf00000,0x00000000dba80000)
 ParOldGen       total 66048K, used 17077K [0x0000000081a00000, 0x0000000085a80000, 0x00000000d5e00000)
  object space 66048K, 25% used [0x0000000081a00000,0x0000000082aad7d0,0x0000000085a80000)
 Metaspace       used 25656K, capacity 26092K, committed 26416K, reserved 1073152K
  class space    used 3408K, capacity 3523K, committed 3632K, reserved 1048576K
GC Heap History (10 events):
Event: 7.213 GC heap after
Heap after GC invocations=14 (full 1):
 PSYoungGen      total 56832K, used 960K [0x00000000d5e00000, 0x00000000dad00000, 0x0000000100000000)
  eden space 44544K, 0% used [0x00000000d5e00000,0x00000000d5e00000,0x00000000d8980000)
  from space 12288K, 7% used [0x00000000d8980000,0x00000000d8a70000,0x00000000d9580000)
  to   space 12288K, 0% used [0x00000000da100000,0x00000000da100000,0x00000000dad00000)
 ParOldGen       total 66048K, used 17053K [0x0000000081a00000, 0x0000000085a80000, 0x00000000d5e00000)
  object space 66048K, 25% used [0x0000000081a00000,0x0000000082aa77d0,0x0000000085a80000)
 Metaspace       used 23751K, capacity 24088K, committed 24368K, reserved 1071104K
  class space    used 3122K, capacity 3253K, committed 3376K, reserved 1048576K
}
Event: 7.768 GC heap before
{Heap before GC invocations=15 (full 1):
 PSYoungGen      total 56832K, used 45504K [0x00000000d5e00000, 0x00000000dad00000, 0x0000000100000000)
  eden space 44544K, 100% used [0x00000000d5e00000,0x00000000d8980000,0x00000000d8980000)
  from space 12288K, 7% used [0x00000000d8980000,0x00000000d8a70000,0x00000000d9580000)
  to   space 12288K, 0% used [0x00000000da100000,0x00000000da100000,0x00000000dad00000)
 ParOldGen       total 66048K, used 17053K [0x0000000081a00000, 0x0000000085a80000, 0x00000000d5e00000)
  object space 66048K, 25% used [0x0000000081a00000,0x0000000082aa77d0,0x0000000085a80000)
 Metaspace       used 23752K, capacity 24088K, committed 24368K, reserved 1071104K
  class space    used 3122K, capacity 3253K, committed 3376K, reserved 1048576K
Event: 7.770 GC heap after
Heap after GC invocations=15 (full 1):
 PSYoungGen      total 65536K, used 704K [0x00000000d5e00000, 0x00000000dab80000, 0x0000000100000000)
  eden space 54784K, 0% used [0x00000000d5e00000,0x00000000d5e00000,0x00000000d9380000)
  from space 10752K, 6% used [0x00000000da100000,0x00000000da1b0000,0x00000000dab80000)
  to   space 12288K, 0% used [0x00000000d9380000,0x00000000d9380000,0x00000000d9f80000)
 ParOldGen       total 66048K, used 17061K [0x0000000081a00000, 0x0000000085a80000, 0x00000000d5e00000)
  object space 66048K, 25% used [0x0000000081a00000,0x0000000082aa97d0,0x0000000085a80000)
 Metaspace       used 23752K, capacity 24088K, committed 24368K, reserved 1071104K
  class space    used 3122K, capacity 3253K, committed 3376K, reserved 1048576K
}
Event: 8.523 GC heap before
{Heap before GC invocations=16 (full 1):
 PSYoungGen      total 65536K, used 55488K [0x00000000d5e00000, 0x00000000dab80000, 0x0000000100000000)
  eden space 54784K, 100% used [0x00000000d5e00000,0x00000000d9380000,0x00000000d9380000)
  from space 10752K, 6% used [0x00000000da100000,0x00000000da1b0000,0x00000000dab80000)
  to   space 12288K, 0% used [0x00000000d9380000,0x00000000d9380000,0x00000000d9f80000)
 ParOldGen       total 66048K, used 17061K [0x0000000081a00000, 0x0000000085a80000, 0x00000000d5e00000)
  object space 66048K, 25% used [0x0000000081a00000,0x0000000082aa97d0,0x0000000085a80000)
 Metaspace       used 23753K, capacity 24088K, committed 24368K, reserved 1071104K
  class space    used 3123K, capacity 3253K, committed 3376K, reserved 1048576K
Event: 8.525 GC heap after
Heap after GC invocations=16 (full 1):
 PSYoungGen      total 67072K, used 704K [0x00000000d5e00000, 0x00000000db680000, 0x0000000100000000)
  eden space 54784K, 0% used [0x00000000d5e00000,0x00000000d5e00000,0x00000000d9380000)
  from space 12288K, 5% used [0x00000000d9380000,0x00000000d9430000,0x00000000d9f80000)
  to   space 12288K, 0% used [0x00000000daa80000,0x00000000daa80000,0x00000000db680000)
 ParOldGen       total 66048K, used 17069K [0x0000000081a00000, 0x0000000085a80000, 0x00000000d5e00000)
  object space 66048K, 25% used [0x0000000081a00000,0x0000000082aab7d0,0x0000000085a80000)
 Metaspace       used 23753K, capacity 24088K, committed 24368K, reserved 1071104K
  class space    used 3123K, capacity 3253K, committed 3376K, reserved 1048576K
}
Event: 9.151 GC heap before
{Heap before GC invocations=17 (full 1):
 PSYoungGen      total 67072K, used 55488K [0x00000000d5e00000, 0x00000000db680000, 0x0000000100000000)
  eden space 54784K, 100% used [0x00000000d5e00000,0x00000000d9380000,0x00000000d9380000)
  from space 12288K, 5% used [0x00000000d9380000,0x00000000d9430000,0x00000000d9f80000)
  to   space 12288K, 0% used [0x00000000daa80000,0x00000000daa80000,0x00000000db680000)
 ParOldGen       total 66048K, used 17069K [0x0000000081a00000, 0x0000000085a80000, 0x00000000d5e00000)
  object space 66048K, 25% used [0x0000000081a00000,0x0000000082aab7d0,0x0000000085a80000)
 Metaspace       used 23753K, capacity 24088K, committed 24368K, reserved 1071104K
  class space    used 3123K, capacity 3253K, committed 3376K, reserved 1048576K
Event: 9.152 GC heap after
Heap after GC invocations=17 (full 1):
 PSYoungGen      total 74240K, used 640K [0x00000000d5e00000, 0x00000000db400000, 0x0000000100000000)
  eden space 64512K, 0% used [0x00000000d5e00000,0x00000000d5e00000,0x00000000d9d00000)
  from space 9728K, 6% used [0x00000000daa80000,0x00000000dab20000,0x00000000db400000)
  to   space 11776K, 0% used [0x00000000d9d00000,0x00000000d9d00000,0x00000000da880000)
 ParOldGen       total 66048K, used 17077K [0x0000000081a00000, 0x0000000085a80000, 0x00000000d5e00000)
  object space 66048K, 25% used [0x0000000081a00000,0x0000000082aad7d0,0x0000000085a80000)
 Metaspace       used 23753K, capacity 24088K, committed 24368K, reserved 1071104K
  class space    used 3123K, capacity 3253K, committed 3376K, reserved 1048576K
}
Event: 9.984 GC heap before
{Heap before GC invocations=18 (full 1):
 PSYoungGen      total 74240K, used 65152K [0x00000000d5e00000, 0x00000000db400000, 0x0000000100000000)
  eden space 64512K, 100% used [0x00000000d5e00000,0x00000000d9d00000,0x00000000d9d00000)
  from space 9728K, 6% used [0x00000000daa80000,0x00000000dab20000,0x00000000db400000)
  to   space 11776K, 0% used [0x00000000d9d00000,0x00000000d9d00000,0x00000000da880000)
 ParOldGen       total 66048K, used 17077K [0x0000000081a00000, 0x0000000085a80000, 0x00000000d5e00000)
  object space 66048K, 25% used [0x0000000081a00000,0x0000000082aad7d0,0x0000000085a80000)
 Metaspace       used 23768K, capacity 24118K, committed 24368K, reserved 1071104K
  class space    used 3125K, capacity 3258K, committed 3376K, reserved 1048576K
Event: 9.985 GC heap after
Heap after GC invocations=18 (full 1):
 PSYoungGen      total 76288K, used 704K [0x00000000d5e00000, 0x00000000dba80000, 0x0000000100000000)
  eden space 64512K, 0% used [0x00000000d5e00000,0x00000000d5e00000,0x00000000d9d00000)
  from space 11776K, 5% used [0x00000000d9d00000,0x00000000d9db0000,0x00000000da880000)
  to   space 11776K, 0% used [0x00000000daf00000,0x00000000daf00000,0x00000000dba80000)
 ParOldGen       total 66048K, used 17077K [0x0000000081a00000, 0x0000000085a80000, 0x00000000d5e00000)
  object space 66048K, 25% used [0x0000000081a00000,0x0000000082aad7d0,0x0000000085a80000)
 Metaspace       used 23768K, capacity 24118K, committed 24368K, reserved 1071104K
  class space    used 3125K, capacity 3258K, committed 3376K, reserved 1048576K
}
Event: 10.589 GC heap before
{Heap before GC invocations=19 (full 1):
 PSYoungGen      total 76288K, used 65216K [0x00000000d5e00000, 0x00000000dba80000, 0x0000000100000000)
  eden space 64512K, 100% used [0x00000000d5e00000,0x00000000d9d00000,0x00000000d9d00000)
  from space 11776K, 5% used [0x00000000d9d00000,0x00000000d9db0000,0x00000000da880000)
  to   space 11776K, 0% used [0x00000000daf00000,0x00000000daf00000,0x00000000dba80000)
 ParOldGen       total 66048K, used 17077K [0x0000000081a00000, 0x0000000085a80000, 0x00000000d5e00000)
  object space 66048K, 25% used [0x0000000081a00000,0x0000000082aad7d0,0x0000000085a80000)
 Metaspace       used 25656K, capacity 26092K, committed 26416K, reserved 1073152K
  class space    used 3408K, capacity 3523K, committed 3632K, reserved 1048576K

