# JRE version: Java(TM) SE Runtime Environment (8.0_202-b08) (build 1.8.0_202-b08)
# Java VM: Java HotSpot(TM) 64-Bit Server VM (25.202-b08 mixed mode windows-amd64 compressed oops)
Heap:
 PSYoungGen      total 326656K, used 95179K [0x00000000d5e00000, 0x00000000eb880000, 0x0000000100000000)
  eden space 308224K, 24% used [0x00000000d5e00000,0x00000000da8f9470,0x00000000e8b00000)
  from space 18432K, 99% used [0x00000000e8b00000,0x00000000e9cf98b0,0x00000000e9d00000)
  to   space 13824K, 0% used [0x00000000e9d00000,0x00000000e9d00000,0x00000000eaa80000)
 ParOldGen       total 89088K, used 43946K [0x0000000081a00000, 0x0000000087100000, 0x00000000d5e00000)
  object space 89088K, 49% used [0x0000000081a00000,0x00000000844ea8b0,0x0000000087100000)
 Metaspace       used 53880K, capacity 54658K, committed 54960K, reserved 1097728K
  class space    used 6793K, capacity 6977K, committed 7088K, reserved 1048576K
GC Heap History (10 events):
Event: 32.452 GC heap before
{Heap before GC invocations=18 (full 3):
 PSYoungGen      total 322048K, used 3113K [0x00000000d5e00000, 0x00000000eb880000, 0x0000000100000000)
  eden space 308224K, 1% used [0x00000000d5e00000,0x00000000d610a718,0x00000000e8b00000)
  from space 13824K, 0% used [0x00000000e9d00000,0x00000000e9d00000,0x00000000eaa80000)
  to   space 18432K, 0% used [0x00000000e8b00000,0x00000000e8b00000,0x00000000e9d00000)
 ParOldGen       total 89088K, used 56693K [0x0000000081a00000, 0x0000000087100000, 0x00000000d5e00000)
  object space 89088K, 63% used [0x0000000081a00000,0x000000008515d670,0x0000000087100000)
 Metaspace       used 47848K, capacity 48480K, committed 48688K, reserved 1099776K
  class space    used 6256K, capacity 6416K, committed 6448K, reserved 1048576K
Event: 32.465 GC heap after
Heap after GC invocations=18 (full 3):
 PSYoungGen      total 326656K, used 96K [0x00000000d5e00000, 0x00000000eb880000, 0x0000000100000000)
  eden space 308224K, 0% used [0x00000000d5e00000,0x00000000d5e00000,0x00000000e8b00000)
  from space 18432K, 0% used [0x00000000e8b00000,0x00000000e8b18000,0x00000000e9d00000)
  to   space 13824K, 0% used [0x00000000e9d00000,0x00000000e9d00000,0x00000000eaa80000)
 ParOldGen       total 89088K, used 56693K [0x0000000081a00000, 0x0000000087100000, 0x00000000d5e00000)
  object space 89088K, 63% used [0x0000000081a00000,0x000000008515d670,0x0000000087100000)
 Metaspace       used 47848K, capacity 48480K, committed 48688K, reserved 1099776K
  class space    used 6256K, capacity 6416K, committed 6448K, reserved 1048576K
}
Event: 32.465 GC heap before
{Heap before GC invocations=19 (full 4):
 PSYoungGen      total 326656K, used 96K [0x00000000d5e00000, 0x00000000eb880000, 0x0000000100000000)
  eden space 308224K, 0% used [0x00000000d5e00000,0x00000000d5e00000,0x00000000e8b00000)
  from space 18432K, 0% used [0x00000000e8b00000,0x00000000e8b18000,0x00000000e9d00000)
  to   space 13824K, 0% used [0x00000000e9d00000,0x00000000e9d00000,0x00000000eaa80000)
 ParOldGen       total 89088K, used 56693K [0x0000000081a00000, 0x0000000087100000, 0x00000000d5e00000)
  object space 89088K, 63% used [0x0000000081a00000,0x000000008515d670,0x0000000087100000)
 Metaspace       used 47848K, capacity 48480K, committed 48688K, reserved 1099776K
  class space    used 6256K, capacity 6416K, committed 6448K, reserved 1048576K
Event: 32.606 GC heap after
Heap after GC invocations=19 (full 4):
 PSYoungGen      total 326656K, used 0K [0x00000000d5e00000, 0x00000000eb880000, 0x0000000100000000)
  eden space 308224K, 0% used [0x00000000d5e00000,0x00000000d5e00000,0x00000000e8b00000)
  from space 18432K, 0% used [0x00000000e8b00000,0x00000000e8b00000,0x00000000e9d00000)
  to   space 13824K, 0% used [0x00000000e9d00000,0x00000000e9d00000,0x00000000eaa80000)
 ParOldGen       total 89088K, used 56463K [0x0000000081a00000, 0x0000000087100000, 0x00000000d5e00000)
  object space 89088K, 63% used [0x0000000081a00000,0x0000000085123d40,0x0000000087100000)
 Metaspace       used 47848K, capacity 48480K, committed 48688K, reserved 1093632K
  class space    used 6256K, capacity 6416K, committed 6448K, reserved 1048576K
}
Event: 32.607 GC heap before
{Heap before GC invocations=20 (full 4):
 PSYoungGen      total 326656K, used 0K [0x00000000d5e00000, 0x00000000eb880000, 0x0000000100000000)
  eden space 308224K, 0% used [0x00000000d5e00000,0x00000000d5e00000,0x00000000e8b00000)
  from space 18432K, 0% used [0x00000000e8b00000,0x00000000e8b00000,0x00000000e9d00000)
  to   space 13824K, 0% used [0x00000000e9d00000,0x00000000e9d00000,0x00000000eaa80000)
 ParOldGen       total 89088K, used 56463K [0x0000000081a00000, 0x0000000087100000, 0x00000000d5e00000)
  object space 89088K, 63% used [0x0000000081a00000,0x0000000085123d40,0x0000000087100000)
 Metaspace       used 47848K, capacity 48480K, committed 48688K, reserved 1097728K
  class space    used 6256K, capacity 6416K, committed 6448K, reserved 1048576K
Event: 32.609 GC heap after
Heap after GC invocations=20 (full 4):
 PSYoungGen      total 322048K, used 0K [0x00000000d5e00000, 0x00000000eb880000, 0x0000000100000000)
  eden space 308224K, 0% used [0x00000000d5e00000,0x00000000d5e00000,0x00000000e8b00000)
  from space 13824K, 0% used [0x00000000e9d00000,0x00000000e9d00000,0x00000000eaa80000)
  to   space 18432K, 0% used [0x00000000e8b00000,0x00000000e8b00000,0x00000000e9d00000)
 ParOldGen       total 89088K, used 56463K [0x0000000081a00000, 0x0000000087100000, 0x00000000d5e00000)
  object space 89088K, 63% used [0x0000000081a00000,0x0000000085123d40,0x0000000087100000)
 Metaspace       used 47848K, capacity 48480K, committed 48688K, reserved 1097728K
  class space    used 6256K, capacity 6416K, committed 6448K, reserved 1048576K
}
Event: 32.609 GC heap before
{Heap before GC invocations=21 (full 5):
 PSYoungGen      total 322048K, used 0K [0x00000000d5e00000, 0x00000000eb880000, 0x0000000100000000)
  eden space 308224K, 0% used [0x00000000d5e00000,0x00000000d5e00000,0x00000000e8b00000)
  from space 13824K, 0% used [0x00000000e9d00000,0x00000000e9d00000,0x00000000eaa80000)
  to   space 18432K, 0% used [0x00000000e8b00000,0x00000000e8b00000,0x00000000e9d00000)
 ParOldGen       total 89088K, used 56463K [0x0000000081a00000, 0x0000000087100000, 0x00000000d5e00000)
  object space 89088K, 63% used [0x0000000081a00000,0x0000000085123d40,0x0000000087100000)
 Metaspace       used 47848K, capacity 48480K, committed 48688K, reserved 1097728K
  class space    used 6256K, capacity 6416K, committed 6448K, reserved 1048576K
Event: 33.124 GC heap after
Heap after GC invocations=21 (full 5):
 PSYoungGen      total 322048K, used 0K [0x00000000d5e00000, 0x00000000eb880000, 0x0000000100000000)
  eden space 308224K, 0% used [0x00000000d5e00000,0x00000000d5e00000,0x00000000e8b00000)
  from space 13824K, 0% used [0x00000000e9d00000,0x00000000e9d00000,0x00000000eaa80000)
  to   space 18432K, 0% used [0x00000000e8b00000,0x00000000e8b00000,0x00000000e9d00000)
 ParOldGen       total 89088K, used 42292K [0x0000000081a00000, 0x0000000087100000, 0x00000000d5e00000)
  object space 89088K, 47% used [0x0000000081a00000,0x000000008434d320,0x0000000087100000)
 Metaspace       used 47508K, capacity 47908K, committed 48688K, reserved 1093632K
  class space    used 6201K, capacity 6316K, committed 6448K, reserved 1048576K
}
Event: 36.122 GC heap before
{Heap before GC invocations=22 (full 5):
 PSYoungGen      total 322048K, used 308224K [0x00000000d5e00000, 0x00000000eb880000, 0x0000000100000000)
  eden space 308224K, 100% used [0x00000000d5e00000,0x00000000e8b00000,0x00000000e8b00000)
  from space 13824K, 0% used [0x00000000e9d00000,0x00000000e9d00000,0x00000000eaa80000)
  to   space 18432K, 0% used [0x00000000e8b00000,0x00000000e8b00000,0x00000000e9d00000)
 ParOldGen       total 89088K, used 42292K [0x0000000081a00000, 0x0000000087100000, 0x00000000d5e00000)
  object space 89088K, 47% used [0x0000000081a00000,0x000000008434d320,0x0000000087100000)
 Metaspace       used 53025K, capacity 53706K, committed 53936K, reserved 1097728K
  class space    used 6674K, capacity 6829K, committed 6832K, reserved 1048576K
Event: 36.142 GC heap after
Heap after GC invocations=22 (full 5):
 PSYoungGen      total 326656K, used 18406K [0x00000000d5e00000, 0x00000000eb880000, 0x0000000100000000)
  eden space 308224K, 0% used [0x00000000d5e00000,0x00000000d5e00000,0x00000000e8b00000)
  from space 18432K, 99% used [0x00000000e8b00000,0x00000000e9cf98b0,0x00000000e9d00000)
  to   space 13824K, 0% used [0x00000000e9d00000,0x00000000e9d00000,0x00000000eaa80000)
 ParOldGen       total 89088K, used 43946K [0x0000000081a00000, 0x0000000087100000, 0x00000000d5e00000)
  object space 89088K, 49% used [0x0000000081a00000,0x00000000844ea8b0,0x0000000087100000)
 Metaspace       used 53025K, capacity 53706K, committed 53936K, reserved 1097728K
  class space    used 6674K, capacity 6829K, committed 6832K, reserved 1048576K
}

